Aluka/app/build/intermediates/manifest_merge_blame_file/debug/processDebugMainManifest/manifest-merger-blame-debug-report.txt
1<?xml version="1.0" encoding="utf-8"?>
2<manifest xmlns:android="http://schemas.android.com/apk/res/android"
3    package="com.example.aluka"
4    android:versionCode="1"
5    android:versionName="1.0" >
6
7    <uses-sdk
8        android:minSdkVersion="24"
9        android:targetSdkVersion="35" />
10
11    <uses-permission android:name="android.permission.INTERNET" />
11-->src\main\AndroidManifest.xml:5:5-67
11-->src\main\AndroidManifest.xml:5:22-64
12    <uses-permission android:name="android.permission.ACCESS_FINE_LOCATION" />
12-->src\main\AndroidManifest.xml:6:5-79
12-->src\main\AndroidManifest.xml:6:22-76
13    <uses-permission android:name="android.permission.ACCESS_COARSE_LOCATION" />
13-->src\main\AndroidManifest.xml:7:5-81
13-->src\main\AndroidManifest.xml:7:22-78
14    <uses-permission android:name="android.permission.CAMERA" />
14-->src\main\AndroidManifest.xml:8:5-65
14-->src\main\AndroidManifest.xml:8:22-62
15
16    <uses-feature
16-->src\main\AndroidManifest.xml:10:5-12:36
17        android:name="android.hardware.camera"
17-->src\main\AndroidManifest.xml:11:9-47
18        android:required="false" />
18-->src\main\AndroidManifest.xml:12:9-33
19
20    <!-- Include required permissions for Google Maps API to run. -->
21    <uses-permission android:name="android.permission.ACCESS_NETWORK_STATE" />
21-->[com.google.android.gms:play-services-maps:19.2.0] AndroidManifest.xml:20:5-78
21-->[com.google.android.gms:play-services-maps:19.2.0] AndroidManifest.xml:20:22-76
22
23    <uses-feature
23-->[com.google.android.gms:play-services-maps:19.2.0] AndroidManifest.xml:22:5-24:33
24        android:glEsVersion="0x00020000"
24-->[com.google.android.gms:play-services-maps:19.2.0] AndroidManifest.xml:23:8-40
25        android:required="true" />
25-->[com.google.android.gms:play-services-maps:19.2.0] AndroidManifest.xml:24:8-31
26
27    <queries>
27-->[com.google.android.gms:play-services-maps:19.2.0] AndroidManifest.xml:27:5-30:15
28
29        <!-- Needs to be explicitly declared on Android R+ -->
30        <package android:name="com.google.android.apps.maps" />
30-->[com.google.android.gms:play-services-maps:19.2.0] AndroidManifest.xml:29:7-61
30-->[com.google.android.gms:play-services-maps:19.2.0] AndroidManifest.xml:29:16-59
31    </queries>
32
33    <permission
33-->[androidx.core:core:1.16.0] AndroidManifest.xml:22:5-24:47
34        android:name="com.example.aluka.DYNAMIC_RECEIVER_NOT_EXPORTED_PERMISSION"
34-->[androidx.core:core:1.16.0] AndroidManifest.xml:23:9-81
35        android:protectionLevel="signature" />
35-->[androidx.core:core:1.16.0] AndroidManifest.xml:24:9-44
36
37    <uses-permission android:name="com.example.aluka.DYNAMIC_RECEIVER_NOT_EXPORTED_PERMISSION" />
37-->[androidx.core:core:1.16.0] AndroidManifest.xml:26:5-97
37-->[androidx.core:core:1.16.0] AndroidManifest.xml:26:22-94
38
39    <application
39-->src\main\AndroidManifest.xml:14:5-78:19
40        android:allowBackup="true"
40-->src\main\AndroidManifest.xml:15:9-35
41        android:appComponentFactory="androidx.core.app.CoreComponentFactory"
41-->[androidx.core:core:1.16.0] AndroidManifest.xml:28:18-86
42        android:dataExtractionRules="@xml/data_extraction_rules"
42-->src\main\AndroidManifest.xml:16:9-65
43        android:debuggable="true"
44        android:extractNativeLibs="false"
45        android:fullBackupContent="@xml/backup_rules"
45-->src\main\AndroidManifest.xml:17:9-54
46        android:icon="@mipmap/ic_launcher"
46-->src\main\AndroidManifest.xml:18:9-43
47        android:label="@string/app_name"
47-->src\main\AndroidManifest.xml:19:9-41
48        android:networkSecurityConfig="@xml/network_security_config"
48-->src\main\AndroidManifest.xml:20:9-69
49        android:roundIcon="@mipmap/ic_launcher_round"
49-->src\main\AndroidManifest.xml:21:9-54
50        android:supportsRtl="true"
50-->src\main\AndroidManifest.xml:22:9-35
51        android:testOnly="true"
52        android:theme="@style/Theme.AppCompat.Light" >
52-->src\main\AndroidManifest.xml:23:9-53
53        <activity
53-->src\main\AndroidManifest.xml:25:9-27:40
54            android:name="com.example.aluka.SearchResultActivity"
54-->src\main\AndroidManifest.xml:26:13-49
55            android:exported="false" />
55-->src\main\AndroidManifest.xml:27:13-37
56        <activity
56-->src\main\AndroidManifest.xml:28:9-30:40
57            android:name="com.example.aluka.AddStoreActivity"
57-->src\main\AndroidManifest.xml:29:13-45
58            android:exported="false" />
58-->src\main\AndroidManifest.xml:30:13-37
59        <activity
59-->src\main\AndroidManifest.xml:31:9-33:40
60            android:name="com.example.aluka.ItemEntryActivity"
60-->src\main\AndroidManifest.xml:32:13-46
61            android:exported="false" />
61-->src\main\AndroidManifest.xml:33:13-37
62        <activity
62-->src\main\AndroidManifest.xml:34:9-37:72
63            android:name="com.example.aluka.StockListActivity"
63-->src\main\AndroidManifest.xml:35:13-46
64            android:exported="false"
64-->src\main\AndroidManifest.xml:36:13-37
65            android:theme="@style/Theme.AppCompat.Light.NoActionBar" />
65-->src\main\AndroidManifest.xml:37:13-69
66
67        <meta-data
68            android:name="com.google.android.geo.API_KEY"
68-->src\main\AndroidManifest.xml:40:13-58
69            android:value="AIzaSyAFcbKYoej74TrHX3VTepmdqbhG_cAYUTc" />
69-->src\main\AndroidManifest.xml:41:13-44
70
71        <activity
71-->src\main\AndroidManifest.xml:43:9-45:40
72            android:name="com.example.aluka.CheckStockActivity"
72-->src\main\AndroidManifest.xml:44:13-47
73            android:exported="false" />
73-->src\main\AndroidManifest.xml:45:13-37
74        <activity
74-->src\main\AndroidManifest.xml:46:9-49:60
75            android:name="com.example.aluka.BuyerActivity"
75-->src\main\AndroidManifest.xml:47:13-42
76            android:exported="false"
76-->src\main\AndroidManifest.xml:48:13-37
77            android:theme="@style/Theme.AppCompat.Light" />
77-->src\main\AndroidManifest.xml:49:13-57
78        <activity
78-->src\main\AndroidManifest.xml:50:9-53:72
79            android:name="com.example.aluka.SellerActivity"
79-->src\main\AndroidManifest.xml:51:13-43
80            android:exported="false"
80-->src\main\AndroidManifest.xml:52:13-37
81            android:theme="@style/Theme.AppCompat.Light.NoActionBar" />
81-->src\main\AndroidManifest.xml:53:13-69
82        <activity
82-->src\main\AndroidManifest.xml:54:9-57:60
83            android:name="com.example.aluka.BarcodeReaderActivity"
83-->src\main\AndroidManifest.xml:55:13-50
84            android:exported="false"
84-->src\main\AndroidManifest.xml:56:13-37
85            android:theme="@style/Theme.AppCompat.Light" />
85-->src\main\AndroidManifest.xml:57:13-57
86        <activity
86-->src\main\AndroidManifest.xml:58:9-68:20
87            android:name="com.example.aluka.MainActivity"
87-->src\main\AndroidManifest.xml:59:13-41
88            android:exported="true"
88-->src\main\AndroidManifest.xml:60:13-36
89            android:label="@string/app_name"
89-->src\main\AndroidManifest.xml:61:13-45
90            android:theme="@style/Theme.AppCompat.Light" >
90-->src\main\AndroidManifest.xml:62:13-57
91            <intent-filter>
91-->src\main\AndroidManifest.xml:63:13-67:29
92                <action android:name="android.intent.action.MAIN" />
92-->src\main\AndroidManifest.xml:64:17-69
92-->src\main\AndroidManifest.xml:64:25-66
93
94                <category android:name="android.intent.category.LAUNCHER" />
94-->src\main\AndroidManifest.xml:66:17-77
94-->src\main\AndroidManifest.xml:66:27-74
95            </intent-filter>
96        </activity>
97        <activity
97-->src\main\AndroidManifest.xml:69:9-71:39
98            android:name="com.example.aluka.LoginSuccessActivity"
98-->src\main\AndroidManifest.xml:70:13-49
99            android:exported="true" />
99-->src\main\AndroidManifest.xml:71:13-36
100        <activity
100-->src\main\AndroidManifest.xml:72:9-74:40
101            android:name="com.example.aluka.SignupActivity"
101-->src\main\AndroidManifest.xml:73:13-43
102            android:exported="false" />
102-->src\main\AndroidManifest.xml:74:13-37
103        <activity
103-->src\main\AndroidManifest.xml:75:9-77:40
104            android:name="com.example.aluka.LoginActivity"
104-->src\main\AndroidManifest.xml:76:13-42
105            android:exported="false" />
105-->src\main\AndroidManifest.xml:77:13-37
106
107        <service
107-->[androidx.camera:camera-camera2:1.4.2] AndroidManifest.xml:24:9-33:19
108            android:name="androidx.camera.core.impl.MetadataHolderService"
108-->[androidx.camera:camera-camera2:1.4.2] AndroidManifest.xml:25:13-75
109            android:enabled="false"
109-->[androidx.camera:camera-camera2:1.4.2] AndroidManifest.xml:26:13-36
110            android:exported="false" >
110-->[androidx.camera:camera-camera2:1.4.2] AndroidManifest.xml:27:13-37
111            <meta-data
111-->[androidx.camera:camera-camera2:1.4.2] AndroidManifest.xml:30:13-32:89
112                android:name="androidx.camera.core.impl.MetadataHolderService.DEFAULT_CONFIG_PROVIDER"
112-->[androidx.camera:camera-camera2:1.4.2] AndroidManifest.xml:31:17-103
113                android:value="androidx.camera.camera2.Camera2Config$DefaultProvider" />
113-->[androidx.camera:camera-camera2:1.4.2] AndroidManifest.xml:32:17-86
114        </service>
115
116        <activity
116-->[androidx.compose.ui:ui-tooling-android:1.7.0] AndroidManifest.xml:23:9-25:39
117            android:name="androidx.compose.ui.tooling.PreviewActivity"
117-->[androidx.compose.ui:ui-tooling-android:1.7.0] AndroidManifest.xml:24:13-71
118            android:exported="true" />
118-->[androidx.compose.ui:ui-tooling-android:1.7.0] AndroidManifest.xml:25:13-36
119        <activity
119-->[androidx.compose.ui:ui-test-manifest:1.7.0] AndroidManifest.xml:23:9-25:39
120            android:name="androidx.activity.ComponentActivity"
120-->[androidx.compose.ui:ui-test-manifest:1.7.0] AndroidManifest.xml:24:13-63
121            android:exported="true" /> <!-- Needs to be explicitly declared on P+ -->
121-->[androidx.compose.ui:ui-test-manifest:1.7.0] AndroidManifest.xml:25:13-36
122        <uses-library
122-->[com.google.android.gms:play-services-maps:19.2.0] AndroidManifest.xml:33:7-86
123            android:name="org.apache.http.legacy"
123-->[com.google.android.gms:play-services-maps:19.2.0] AndroidManifest.xml:33:21-58
124            android:required="false" />
124-->[com.google.android.gms:play-services-maps:19.2.0] AndroidManifest.xml:33:59-83
125
126        <service
126-->[com.google.android.gms:play-services-mlkit-barcode-scanning:18.0.0] AndroidManifest.xml:9:9-15:19
127            android:name="com.google.mlkit.common.internal.MlKitComponentDiscoveryService"
127-->[com.google.android.gms:play-services-mlkit-barcode-scanning:18.0.0] AndroidManifest.xml:10:13-91
128            android:directBootAware="true"
128-->[com.google.mlkit:common:18.0.0] AndroidManifest.xml:17:13-43
129            android:exported="false" >
129-->[com.google.android.gms:play-services-mlkit-barcode-scanning:18.0.0] AndroidManifest.xml:11:13-37
130            <meta-data
130-->[com.google.android.gms:play-services-mlkit-barcode-scanning:18.0.0] AndroidManifest.xml:12:13-14:85
131                android:name="com.google.firebase.components:com.google.mlkit.vision.barcode.internal.BarcodeRegistrar"
131-->[com.google.android.gms:play-services-mlkit-barcode-scanning:18.0.0] AndroidManifest.xml:13:17-120
132                android:value="com.google.firebase.components.ComponentRegistrar" />
132-->[com.google.android.gms:play-services-mlkit-barcode-scanning:18.0.0] AndroidManifest.xml:14:17-82
133            <meta-data
133-->[com.google.mlkit:vision-common:17.0.0] AndroidManifest.xml:12:13-14:85
134                android:name="com.google.firebase.components:com.google.mlkit.vision.common.internal.VisionCommonRegistrar"
134-->[com.google.mlkit:vision-common:17.0.0] AndroidManifest.xml:13:17-124
135                android:value="com.google.firebase.components.ComponentRegistrar" />
135-->[com.google.mlkit:vision-common:17.0.0] AndroidManifest.xml:14:17-82
136            <meta-data
136-->[com.google.mlkit:common:18.0.0] AndroidManifest.xml:20:13-22:85
137                android:name="com.google.firebase.components:com.google.mlkit.common.internal.CommonComponentRegistrar"
137-->[com.google.mlkit:common:18.0.0] AndroidManifest.xml:21:17-120
138                android:value="com.google.firebase.components.ComponentRegistrar" />
138-->[com.google.mlkit:common:18.0.0] AndroidManifest.xml:22:17-82
139        </service>
140
141        <provider
141-->[com.google.mlkit:common:18.0.0] AndroidManifest.xml:9:9-13:38
142            android:name="com.google.mlkit.common.internal.MlKitInitProvider"
142-->[com.google.mlkit:common:18.0.0] AndroidManifest.xml:10:13-78
143            android:authorities="com.example.aluka.mlkitinitprovider"
143-->[com.google.mlkit:common:18.0.0] AndroidManifest.xml:11:13-69
144            android:exported="false"
144-->[com.google.mlkit:common:18.0.0] AndroidManifest.xml:12:13-37
145            android:initOrder="99" />
145-->[com.google.mlkit:common:18.0.0] AndroidManifest.xml:13:13-35
146
147        <activity
147-->[com.google.android.gms:play-services-base:18.5.0] AndroidManifest.xml:5:9-173
148            android:name="com.google.android.gms.common.api.GoogleApiActivity"
148-->[com.google.android.gms:play-services-base:18.5.0] AndroidManifest.xml:5:19-85
149            android:exported="false"
149-->[com.google.android.gms:play-services-base:18.5.0] AndroidManifest.xml:5:146-170
150            android:theme="@android:style/Theme.Translucent.NoTitleBar" />
150-->[com.google.android.gms:play-services-base:18.5.0] AndroidManifest.xml:5:86-145
151
152        <meta-data
152-->[com.google.android.gms:play-services-basement:18.4.0] AndroidManifest.xml:6:9-122
153            android:name="com.google.android.gms.version"
153-->[com.google.android.gms:play-services-basement:18.4.0] AndroidManifest.xml:6:20-65
154            android:value="@integer/google_play_services_version" />
154-->[com.google.android.gms:play-services-basement:18.4.0] AndroidManifest.xml:6:66-119
155
156        <provider
156-->[androidx.emoji2:emoji2:1.3.0] AndroidManifest.xml:24:9-32:20
157            android:name="androidx.startup.InitializationProvider"
157-->[androidx.emoji2:emoji2:1.3.0] AndroidManifest.xml:25:13-67
158            android:authorities="com.example.aluka.androidx-startup"
158-->[androidx.emoji2:emoji2:1.3.0] AndroidManifest.xml:26:13-68
159            android:exported="false" >
159-->[androidx.emoji2:emoji2:1.3.0] AndroidManifest.xml:27:13-37
160            <meta-data
160-->[androidx.emoji2:emoji2:1.3.0] AndroidManifest.xml:29:13-31:52
161                android:name="androidx.emoji2.text.EmojiCompatInitializer"
161-->[androidx.emoji2:emoji2:1.3.0] AndroidManifest.xml:30:17-75
162                android:value="androidx.startup" />
162-->[androidx.emoji2:emoji2:1.3.0] AndroidManifest.xml:31:17-49
163            <meta-data
163-->[androidx.lifecycle:lifecycle-process:2.9.0] AndroidManifest.xml:29:13-31:52
164                android:name="androidx.lifecycle.ProcessLifecycleInitializer"
164-->[androidx.lifecycle:lifecycle-process:2.9.0] AndroidManifest.xml:30:17-78
165                android:value="androidx.startup" />
165-->[androidx.lifecycle:lifecycle-process:2.9.0] AndroidManifest.xml:31:17-49
166            <meta-data
166-->[androidx.profileinstaller:profileinstaller:1.4.0] AndroidManifest.xml:29:13-31:52
167                android:name="androidx.profileinstaller.ProfileInstallerInitializer"
167-->[androidx.profileinstaller:profileinstaller:1.4.0] AndroidManifest.xml:30:17-85
168                android:value="androidx.startup" />
168-->[androidx.profileinstaller:profileinstaller:1.4.0] AndroidManifest.xml:31:17-49
169        </provider>
170
171        <receiver
171-->[androidx.profileinstaller:profileinstaller:1.4.0] AndroidManifest.xml:34:9-52:20
172            android:name="androidx.profileinstaller.ProfileInstallReceiver"
172-->[androidx.profileinstaller:profileinstaller:1.4.0] AndroidManifest.xml:35:13-76
173            android:directBootAware="false"
173-->[androidx.profileinstaller:profileinstaller:1.4.0] AndroidManifest.xml:36:13-44
174            android:enabled="true"
174-->[androidx.profileinstaller:profileinstaller:1.4.0] AndroidManifest.xml:37:13-35
175            android:exported="true"
175-->[androidx.profileinstaller:profileinstaller:1.4.0] AndroidManifest.xml:38:13-36
176            android:permission="android.permission.DUMP" >
176-->[androidx.profileinstaller:profileinstaller:1.4.0] AndroidManifest.xml:39:13-57
177            <intent-filter>
177-->[androidx.profileinstaller:profileinstaller:1.4.0] AndroidManifest.xml:40:13-42:29
178                <action android:name="androidx.profileinstaller.action.INSTALL_PROFILE" />
178-->[androidx.profileinstaller:profileinstaller:1.4.0] AndroidManifest.xml:41:17-91
178-->[androidx.profileinstaller:profileinstaller:1.4.0] AndroidManifest.xml:41:25-88
179            </intent-filter>
180            <intent-filter>
180-->[androidx.profileinstaller:profileinstaller:1.4.0] AndroidManifest.xml:43:13-45:29
181                <action android:name="androidx.profileinstaller.action.SKIP_FILE" />
181-->[androidx.profileinstaller:profileinstaller:1.4.0] AndroidManifest.xml:44:17-85
181-->[androidx.profileinstaller:profileinstaller:1.4.0] AndroidManifest.xml:44:25-82
182            </intent-filter>
183            <intent-filter>
183-->[androidx.profileinstaller:profileinstaller:1.4.0] AndroidManifest.xml:46:13-48:29
184                <action android:name="androidx.profileinstaller.action.SAVE_PROFILE" />
184-->[androidx.profileinstaller:profileinstaller:1.4.0] AndroidManifest.xml:47:17-88
184-->[androidx.profileinstaller:profileinstaller:1.4.0] AndroidManifest.xml:47:25-85
185            </intent-filter>
186            <intent-filter>
186-->[androidx.profileinstaller:profileinstaller:1.4.0] AndroidManifest.xml:49:13-51:29
187                <action android:name="androidx.profileinstaller.action.BENCHMARK_OPERATION" />
187-->[androidx.profileinstaller:profileinstaller:1.4.0] AndroidManifest.xml:50:17-95
187-->[androidx.profileinstaller:profileinstaller:1.4.0] AndroidManifest.xml:50:25-92
188            </intent-filter>
189        </receiver>
190
191        <service
191-->[com.google.android.datatransport:transport-backend-cct:2.3.3] AndroidManifest.xml:29:9-35:19
192            android:name="com.google.android.datatransport.runtime.backends.TransportBackendDiscovery"
192-->[com.google.android.datatransport:transport-backend-cct:2.3.3] AndroidManifest.xml:30:13-103
193            android:exported="false" >
193-->[com.google.android.datatransport:transport-backend-cct:2.3.3] AndroidManifest.xml:31:13-37
194            <meta-data
194-->[com.google.android.datatransport:transport-backend-cct:2.3.3] AndroidManifest.xml:32:13-34:39
195                android:name="backend:com.google.android.datatransport.cct.CctBackendFactory"
195-->[com.google.android.datatransport:transport-backend-cct:2.3.3] AndroidManifest.xml:33:17-94
196                android:value="cct" />
196-->[com.google.android.datatransport:transport-backend-cct:2.3.3] AndroidManifest.xml:34:17-36
197        </service>
198        <service
198-->[com.google.android.datatransport:transport-runtime:2.2.6] AndroidManifest.xml:26:9-30:19
199            android:name="com.google.android.datatransport.runtime.scheduling.jobscheduling.JobInfoSchedulerService"
199-->[com.google.android.datatransport:transport-runtime:2.2.6] AndroidManifest.xml:27:13-117
200            android:exported="false"
200-->[com.google.android.datatransport:transport-runtime:2.2.6] AndroidManifest.xml:28:13-37
201            android:permission="android.permission.BIND_JOB_SERVICE" >
201-->[com.google.android.datatransport:transport-runtime:2.2.6] AndroidManifest.xml:29:13-69
202        </service>
203
204        <receiver
204-->[com.google.android.datatransport:transport-runtime:2.2.6] AndroidManifest.xml:32:9-34:40
205            android:name="com.google.android.datatransport.runtime.scheduling.jobscheduling.AlarmManagerSchedulerBroadcastReceiver"
205-->[com.google.android.datatransport:transport-runtime:2.2.6] AndroidManifest.xml:33:13-132
206            android:exported="false" />
206-->[com.google.android.datatransport:transport-runtime:2.2.6] AndroidManifest.xml:34:13-37
207    </application>
208
209</manifest>